<?xml version="1.0" encoding="UTF-8" ?>
<testsuite failures="0" time="1.254" errors="0" skipped="0" tests="1" name="IOTest">
  <properties>
    <property name="java.runtime.name" value="Java(TM) SE Runtime Environment"/>
    <property name="sun.boot.library.path" value="C:\Program Files\Java\jdk1.6.0_20\jre\bin"/>
    <property name="java.vm.version" value="16.3-b01"/>
    <property name="java.vm.vendor" value="Sun Microsystems Inc."/>
    <property name="java.vendor.url" value="http://java.sun.com/"/>
    <property name="path.separator" value=";"/>
    <property name="java.vm.name" value="Java HotSpot(TM) 64-Bit Server VM"/>
    <property name="file.encoding.pkg" value="sun.io"/>
    <property name="user.country" value="CZ"/>
    <property name="sun.java.launcher" value="SUN_STANDARD"/>
    <property name="sun.os.patch.level" value=""/>
    <property name="java.vm.specification.name" value="Java Virtual Machine Specification"/>
    <property name="user.dir" value="C:\Users\Ladin\workspace\cz.vse._4it101"/>
    <property name="java.runtime.version" value="1.6.0_20-b02"/>
    <property name="java.awt.graphicsenv" value="sun.awt.Win32GraphicsEnvironment"/>
    <property name="basedir" value="C:\Users\Ladin\workspace\cz.vse._4it101"/>
    <property name="java.endorsed.dirs" value="C:\Program Files\Java\jdk1.6.0_20\jre\lib\endorsed"/>
    <property name="os.arch" value="amd64"/>
    <property name="surefire.real.class.path" value="C:\Users\Ladin\AppData\Local\Temp\surefirebooter7777623695335757096.jar"/>
    <property name="java.io.tmpdir" value="C:\Users\Ladin\AppData\Local\Temp\"/>
    <property name="line.separator" value="
"/>
    <property name="java.vm.specification.vendor" value="Sun Microsystems Inc."/>
    <property name="user.variant" value=""/>
    <property name="os.name" value="Windows 7"/>
    <property name="sun.jnu.encoding" value="Cp1250"/>
    <property name="java.library.path" value="C:\Program Files\Java\jdk1.6.0_20\jre\bin;.;C:\windows\Sun\Java\bin;C:\windows\system32;C:\windows;C:\Program Files (x86)\PC Connectivity Solution\;c:\Program Files (x86)\NVIDIA Corporation\PhysX\Common;C:\windows\system32;C:\windows;C:\windows\System32\Wbem;C:\windows\System32\WindowsPowerShell\v1.0\;C:\Program Files (x86)\ATI Technologies\ATI.ACE\Core-Static;C:\Program Files\Lenovo\Bluetooth Software\;C:\Program Files\Lenovo\Bluetooth Software\syswow64;c:\Program Files (x86)\Microsoft SQL Server\90\Tools\binn\;c:\Dev\groovy-1.7.3\bin\;c:\springsource\grails-1.3.4\bin\;c:\springsource\roo-1.1.0.M3\bin\;c:\Program Files\Java\jdk1.6.0_20\bin\;C:\Program Files (x86)\Calibre2\;c:\springsource\maven-2.2.1.RELEASE\bin\;C:\Program Files\MySQL\MySQL Server 5.1\bin;C:\Python25;C:\Dev\google_appengine;C:\Program Files (x86)\QuickTime\QTSystem\;C:\Program Files\TortoiseGit\bin"/>
    <property name="surefire.test.class.path" value="C:\Users\Ladin\workspace\cz.vse._4it101\target\test-classes;C:\Users\Ladin\workspace\cz.vse._4it101\target\classes;C:\Users\Ladin\.m2\repository\junit\junit\3.8.1\junit-3.8.1.jar;C:\Users\Ladin\.m2\repository\org\codehaus\groovy\groovy-all\1.7.5\groovy-all-1.7.5.jar;C:\Users\Ladin\.m2\repository\eu\ebdit\eau\0.0.3-SNAPSHOT\eau-0.0.3-SNAPSHOT.jar;C:\Users\Ladin\.m2\repository\com\google\collections\google-collections\1.0\google-collections-1.0.jar;C:\Users\Ladin\.m2\repository\commons-cli\commons-cli\1.0\commons-cli-1.0.jar;C:\Users\Ladin\.m2\repository\commons-logging\commons-logging\1.0\commons-logging-1.0.jar;C:\Users\Ladin\.m2\repository\commons-lang\commons-lang\1.0\commons-lang-1.0.jar;C:\Users\Ladin\.m2\repository\org\slf4j\slf4j-api\1.5.8\slf4j-api-1.5.8.jar;C:\Users\Ladin\.m2\repository\org\duckapter\duckapter\0.7.1-RC1\duckapter-0.7.1-RC1.jar;"/>
    <property name="java.specification.name" value="Java Platform API Specification"/>
    <property name="java.class.version" value="50.0"/>
    <property name="sun.management.compiler" value="HotSpot 64-Bit Server Compiler"/>
    <property name="os.version" value="6.1"/>
    <property name="user.home" value="C:\Users\Ladin"/>
    <property name="user.timezone" value=""/>
    <property name="java.awt.printerjob" value="sun.awt.windows.WPrinterJob"/>
    <property name="java.specification.version" value="1.6"/>
    <property name="file.encoding" value="Cp1250"/>
    <property name="user.name" value="Ladin"/>
    <property name="java.class.path" value="C:\Users\Ladin\workspace\cz.vse._4it101\target\test-classes;C:\Users\Ladin\workspace\cz.vse._4it101\target\classes;C:\Users\Ladin\.m2\repository\junit\junit\3.8.1\junit-3.8.1.jar;C:\Users\Ladin\.m2\repository\org\codehaus\groovy\groovy-all\1.7.5\groovy-all-1.7.5.jar;C:\Users\Ladin\.m2\repository\eu\ebdit\eau\0.0.3-SNAPSHOT\eau-0.0.3-SNAPSHOT.jar;C:\Users\Ladin\.m2\repository\com\google\collections\google-collections\1.0\google-collections-1.0.jar;C:\Users\Ladin\.m2\repository\commons-cli\commons-cli\1.0\commons-cli-1.0.jar;C:\Users\Ladin\.m2\repository\commons-logging\commons-logging\1.0\commons-logging-1.0.jar;C:\Users\Ladin\.m2\repository\commons-lang\commons-lang\1.0\commons-lang-1.0.jar;C:\Users\Ladin\.m2\repository\org\slf4j\slf4j-api\1.5.8\slf4j-api-1.5.8.jar;C:\Users\Ladin\.m2\repository\org\duckapter\duckapter\0.7.1-RC1\duckapter-0.7.1-RC1.jar;"/>
    <property name="java.vm.specification.version" value="1.0"/>
    <property name="sun.arch.data.model" value="64"/>
    <property name="java.home" value="C:\Program Files\Java\jdk1.6.0_20\jre"/>
    <property name="java.specification.vendor" value="Sun Microsystems Inc."/>
    <property name="user.language" value="cs"/>
    <property name="awt.toolkit" value="sun.awt.windows.WToolkit"/>
    <property name="java.vm.info" value="mixed mode"/>
    <property name="java.version" value="1.6.0_20"/>
    <property name="java.ext.dirs" value="C:\Program Files\Java\jdk1.6.0_20\jre\lib\ext;C:\windows\Sun\Java\lib\ext"/>
    <property name="sun.boot.class.path" value="C:\Program Files\Java\jdk1.6.0_20\jre\lib\resources.jar;C:\Program Files\Java\jdk1.6.0_20\jre\lib\rt.jar;C:\Program Files\Java\jdk1.6.0_20\jre\lib\sunrsasign.jar;C:\Program Files\Java\jdk1.6.0_20\jre\lib\jsse.jar;C:\Program Files\Java\jdk1.6.0_20\jre\lib\jce.jar;C:\Program Files\Java\jdk1.6.0_20\jre\lib\charsets.jar;C:\Program Files\Java\jdk1.6.0_20\jre\classes"/>
    <property name="java.vendor" value="Sun Microsystems Inc."/>
    <property name="localRepository" value="C:\Users\Ladin\.m2\repository"/>
    <property name="file.separator" value="\"/>
    <property name="java.vendor.url.bug" value="http://java.sun.com/cgi-bin/bugreport.cgi"/>
    <property name="sun.cpu.endian" value="little"/>
    <property name="sun.io.unicode.encoding" value="UnicodeLittle"/>
    <property name="sun.desktop" value="windows"/>
    <property name="sun.cpu.isalist" value="amd64"/>
  </properties>
  <testcase time="0.886" classname="IOTest" name="testCekej"/>
</testsuite>